<?xml version="1.0" encoding="UTF-8"?>
<!-- Generated by org.testng.reporters.JUnitXMLReporter -->
<testsuite hostname="Dell-PC" ignored="0" name="Test" tests="4" failures="0" timestamp="13 Dec 2018 02:31:35 GMT" time="42.207" errors="0">
  <testcase name="tc_shoppingCartTesting" time="11.41" classname="SeleniumMavenJenkins.SeleniumMavenJenkins.End2EndTesting"/>
  <testcase name="tc_shoppingCartTesting" time="10.127" classname="SeleniumMavenJenkins.SeleniumMavenJenkins.End2EndTesting"/>
  <testcase name="tc_shoppingCartTesting" time="10.507" classname="SeleniumMavenJenkins.SeleniumMavenJenkins.End2EndTesting"/>
  <testcase name="tc_shoppingCartTesting" time="10.104" classname="SeleniumMavenJenkins.SeleniumMavenJenkins.End2EndTesting"/>
</testsuite> <!-- Test -->
