<?xml version="1.0" encoding="UTF-8"?>
<testng-results skipped="0" failed="0" ignored="0" total="4" passed="4">
  <reporter-output>
  </reporter-output>
  <suite name="Suite" duration-ms="42207" started-at="2018-12-13T02:30:52Z" finished-at="2018-12-13T02:31:35Z">
    <groups>
    </groups>
    <test name="Test" duration-ms="42207" started-at="2018-12-13T02:30:52Z" finished-at="2018-12-13T02:31:35Z">
      <class name="SeleniumMavenJenkins.SeleniumMavenJenkins.End2EndTesting">
        <test-method status="PASS" signature="tc_shoppingCartTesting(java.lang.String, java.lang.String, java.lang.String, java.lang.String, java.lang.String)[pri:0, instance:SeleniumMavenJenkins.SeleniumMavenJenkins.End2EndTesting@3532ec19]" name="tc_shoppingCartTesting" duration-ms="11410" started-at="2018-12-13T02:30:53Z" data-provider="testdata_shoppingCart" finished-at="2018-12-13T02:31:04Z">
          <params>
            <param index="0">
              <value>
                <![CDATA[IPhone]]>
              </value>
            </param>
            <param index="1">
              <value>
                <![CDATA[2]]>
              </value>
            </param>
            <param index="2">
              <value>
                <![CDATA[Adam]]>
              </value>
            </param>
            <param index="3">
              <value>
                <![CDATA[MIAMI BEACH]]>
              </value>
            </param>
            <param index="4">
              <value>
                <![CDATA[FL]]>
              </value>
            </param>
          </params>
          <reporter-output>
          </reporter-output>
        </test-method> <!-- tc_shoppingCartTesting -->
        <test-method status="PASS" signature="tc_shoppingCartTesting(java.lang.String, java.lang.String, java.lang.String, java.lang.String, java.lang.String)[pri:0, instance:SeleniumMavenJenkins.SeleniumMavenJenkins.End2EndTesting@3532ec19]" name="tc_shoppingCartTesting" duration-ms="10127" started-at="2018-12-13T02:31:04Z" data-provider="testdata_shoppingCart" finished-at="2018-12-13T02:31:14Z">
          <params>
            <param index="0">
              <value>
                <![CDATA[TV]]>
              </value>
            </param>
            <param index="1">
              <value>
                <![CDATA[3]]>
              </value>
            </param>
            <param index="2">
              <value>
                <![CDATA[Brett]]>
              </value>
            </param>
            <param index="3">
              <value>
                <![CDATA[MANHATTAN]]>
              </value>
            </param>
            <param index="4">
              <value>
                <![CDATA[NY]]>
              </value>
            </param>
          </params>
          <reporter-output>
          </reporter-output>
        </test-method> <!-- tc_shoppingCartTesting -->
        <test-method status="PASS" signature="tc_shoppingCartTesting(java.lang.String, java.lang.String, java.lang.String, java.lang.String, java.lang.String)[pri:0, instance:SeleniumMavenJenkins.SeleniumMavenJenkins.End2EndTesting@3532ec19]" name="tc_shoppingCartTesting" duration-ms="10507" started-at="2018-12-13T02:31:14Z" data-provider="testdata_shoppingCart" finished-at="2018-12-13T02:31:25Z">
          <params>
            <param index="0">
              <value>
                <![CDATA[Canon]]>
              </value>
            </param>
            <param index="1">
              <value>
                <![CDATA[4]]>
              </value>
            </param>
            <param index="2">
              <value>
                <![CDATA[Christene]]>
              </value>
            </param>
            <param index="3">
              <value>
                <![CDATA[ALPHARETTA]]>
              </value>
            </param>
            <param index="4">
              <value>
                <![CDATA[GA]]>
              </value>
            </param>
          </params>
          <reporter-output>
          </reporter-output>
        </test-method> <!-- tc_shoppingCartTesting -->
        <test-method status="PASS" signature="tc_shoppingCartTesting(java.lang.String, java.lang.String, java.lang.String, java.lang.String, java.lang.String)[pri:0, instance:SeleniumMavenJenkins.SeleniumMavenJenkins.End2EndTesting@3532ec19]" name="tc_shoppingCartTesting" duration-ms="10104" started-at="2018-12-13T02:31:25Z" data-provider="testdata_shoppingCart" finished-at="2018-12-13T02:31:35Z">
          <params>
            <param index="0">
              <value>
                <![CDATA[Camera]]>
              </value>
            </param>
            <param index="1">
              <value>
                <![CDATA[5]]>
              </value>
            </param>
            <param index="2">
              <value>
                <![CDATA[David]]>
              </value>
            </param>
            <param index="3">
              <value>
                <![CDATA[BOSTON]]>
              </value>
            </param>
            <param index="4">
              <value>
                <![CDATA[MA]]>
              </value>
            </param>
          </params>
          <reporter-output>
          </reporter-output>
        </test-method> <!-- tc_shoppingCartTesting -->
      </class> <!-- SeleniumMavenJenkins.SeleniumMavenJenkins.End2EndTesting -->
    </test> <!-- Test -->
  </suite> <!-- Suite -->
</testng-results>
